[2022/05/02 09:59:05.369] - Starting server with initial configuration: {"gasLimit":6721975,"gasPrice":20000000000,"hardfork":"muirGlacier","hostname":"127.0.0.1","port":7545,"network_id":5777,"default_balance_ether":100,"total_accounts":10,"unlocked_accounts":[],"locked":false,"vmErrorsOnRPCResponse":true,"verbose":false,"db_path":"C:\\Users\\teode\\AppData\\Roaming\\Ganache\\workspaces\\Quickstart\\chaindata","logDirectory":"C:\\Users\\teode\\Desktop\\blockchain_logs"}
[2022/05/02 09:59:05.715] - eth_subscribe
[2022/05/02 09:59:05.717] - eth_getLogs
[2022/05/02 09:59:05.718] - eth_subscribe
[2022/05/02 09:59:05.726] - eth_subscribe
[2022/05/02 09:59:05.727] - eth_getLogs
[2022/05/02 09:59:05.729] - eth_subscribe
[2022/05/02 09:59:05.812] - eth_blockNumber
[2022/05/02 09:59:05.814] - eth_accounts
[2022/05/02 09:59:05.816] - eth_blockNumber
[2022/05/02 09:59:05.816] - eth_gasPrice
[2022/05/02 09:59:05.817] - eth_accounts
[2022/05/02 09:59:05.819] - eth_getBlockByNumber
[2022/05/02 09:59:05.819] - eth_subscribe
[2022/05/02 09:59:05.824] - eth_gasPrice
[2022/05/02 09:59:05.825] - eth_getBlockByNumber
[2022/05/02 09:59:05.826] - eth_subscribe
[2022/05/02 09:59:05.858] - eth_getBalance
[2022/05/02 09:59:05.860] - eth_getTransactionCount
[2022/05/02 09:59:05.862] - eth_getBalance
[2022/05/02 09:59:05.864] - eth_getTransactionCount
[2022/05/02 09:59:05.867] - eth_getBalance
[2022/05/02 09:59:05.869] - eth_getTransactionCount
[2022/05/02 09:59:05.873] - eth_getBalance
[2022/05/02 09:59:05.874] - eth_getTransactionCount
[2022/05/02 09:59:05.880] - eth_getBalance
[2022/05/02 09:59:05.883] - eth_getTransactionCount
[2022/05/02 09:59:05.887] - eth_getBalance
[2022/05/02 09:59:05.889] - eth_getTransactionCount
[2022/05/02 09:59:05.891] - eth_getBalance
[2022/05/02 09:59:05.893] - eth_getTransactionCount
[2022/05/02 09:59:05.900] - eth_getBalance
[2022/05/02 09:59:05.903] - eth_getTransactionCount
[2022/05/02 09:59:05.907] - eth_getBalance
[2022/05/02 09:59:05.910] - eth_getTransactionCount
[2022/05/02 09:59:05.910] - eth_getBalance
[2022/05/02 09:59:05.913] - eth_getTransactionCount
[2022/05/02 09:59:05.914] - eth_getBalance
[2022/05/02 09:59:05.916] - eth_getTransactionCount
[2022/05/02 09:59:05.917] - eth_getBalance
[2022/05/02 09:59:05.919] - eth_getTransactionCount
[2022/05/02 09:59:05.920] - eth_getBalance
[2022/05/02 09:59:05.923] - eth_getTransactionCount
[2022/05/02 09:59:05.923] - eth_getBalance
[2022/05/02 09:59:05.926] - eth_getTransactionCount
[2022/05/02 09:59:05.927] - eth_getBalance
[2022/05/02 09:59:05.929] - eth_getTransactionCount
[2022/05/02 09:59:05.930] - eth_getBalance
[2022/05/02 09:59:05.932] - eth_getTransactionCount
[2022/05/02 09:59:05.934] - eth_getBalance
[2022/05/02 09:59:05.935] - eth_getTransactionCount
[2022/05/02 09:59:05.937] - eth_getBalance
[2022/05/02 09:59:05.938] - eth_getTransactionCount
[2022/05/02 09:59:05.941] - eth_getBalance
[2022/05/02 09:59:05.944] - eth_getTransactionCount
[2022/05/02 09:59:05.948] - eth_getBalance
[2022/05/02 09:59:05.949] - eth_getTransactionCount
[2022/05/02 09:59:05.977] - eth_getBalance
[2022/05/02 09:59:05.979] - eth_getTransactionCount
[2022/05/02 09:59:05.982] - eth_getBalance
[2022/05/02 09:59:05.985] - eth_getTransactionCount
[2022/05/02 09:59:05.988] - eth_getBalance
[2022/05/02 09:59:05.995] - eth_getTransactionCount
[2022/05/02 09:59:05.996] - eth_getBalance
[2022/05/02 09:59:05.999] - eth_getTransactionCount
[2022/05/02 09:59:06.005] - eth_getBalance
[2022/05/02 09:59:06.007] - eth_getTransactionCount
[2022/05/02 09:59:06.009] - eth_getBalance
[2022/05/02 09:59:06.011] - eth_getTransactionCount
[2022/05/02 09:59:06.013] - eth_getBalance
[2022/05/02 09:59:06.016] - eth_getTransactionCount
[2022/05/02 09:59:06.019] - eth_getBalance
[2022/05/02 09:59:06.022] - eth_getTransactionCount
[2022/05/02 09:59:06.023] - eth_getBalance
[2022/05/02 09:59:06.025] - eth_getTransactionCount
[2022/05/02 09:59:06.028] - eth_getBalance
[2022/05/02 09:59:06.044] - eth_getTransactionCount
[2022/05/02 09:59:06.045] - eth_getBalance
[2022/05/02 09:59:06.047] - eth_getTransactionCount
[2022/05/02 09:59:06.048] - eth_getBalance
[2022/05/02 09:59:06.049] - eth_getTransactionCount
[2022/05/02 09:59:06.049] - eth_getBalance
[2022/05/02 09:59:06.051] - eth_getTransactionCount
[2022/05/02 09:59:06.052] - eth_getBalance
[2022/05/02 09:59:06.053] - eth_getTransactionCount
[2022/05/02 09:59:06.056] - eth_getBalance
[2022/05/02 09:59:06.058] - eth_getTransactionCount
[2022/05/02 09:59:06.060] - eth_getBalance
[2022/05/02 09:59:06.064] - eth_getTransactionCount
[2022/05/02 09:59:06.066] - eth_getBalance
[2022/05/02 09:59:06.068] - eth_getTransactionCount
[2022/05/02 09:59:06.070] - eth_getBalance
[2022/05/02 09:59:06.078] - eth_getTransactionCount
[2022/05/02 09:59:06.080] - eth_getBalance
[2022/05/02 09:59:06.082] - eth_getTransactionCount
[2022/05/02 09:59:06.083] - eth_getBalance
[2022/05/02 09:59:06.084] - eth_getTransactionCount
[2022/05/02 09:59:07.879] - eth_getBlockByNumber
[2022/05/02 09:59:07.905] - eth_getLogs
[2022/05/02 09:59:20.332] - eth_unsubscribe
[2022/05/02 09:59:20.333] - eth_unsubscribe
